I190514 14:06:11.669259 1 util/log/clog.go:1199  [config] file created at: 2019/05/14 14:06:11
I190514 14:06:11.669259 1 util/log/clog.go:1199  [config] running on machine: CLO-JSANDOVALV
I190514 14:06:11.669259 1 util/log/clog.go:1199  [config] binary: CockroachDB CCL v19.1.0 (x86_64-w64-mingw32, built 2019/04/29 18:46:21, go1.11.6)
I190514 14:06:11.669259 1 util/log/clog.go:1199  [config] arguments: [cockroach start --insecure --listen-addr=localhost]
I190514 14:06:11.669259 1 util/log/clog.go:1199  line format: [IWEF]yymmdd hh:mm:ss.uuuuuu goid file:line msg utf8=✓
I190514 14:06:11.669254 1 cli/start.go:1033  logging to directory C:\Users\jsandovalv\go\src\backend\cockroach-data\logs
W190514 14:06:11.672645 1 cli/start.go:1068  RUNNING IN INSECURE MODE!

- Your cluster is open for any client that can access localhost.
- Any user, even root, can log in without providing a password.
- Any user, connecting as root, can read or write any data in your cluster.
- There is no network encryption nor authentication, and thus no confidentiality.

Check out how to secure your cluster: https://www.cockroachlabs.com/docs/v19.1/secure-a-cluster.html
W190514 14:06:11.716175 1 cli/start.go:944  Using the default setting for --cache (128 MiB).
  A significantly larger value is usually needed for good performance.
  If you have a dedicated server a reasonable setting is --cache=.25 (2.0 GiB).
W190514 14:06:11.716265 1 cli/start.go:957  Using the default setting for --max-sql-memory (128 MiB).
  A significantly larger value is usually needed in production.
  If you have a dedicated server a reasonable setting is --max-sql-memory=.25 (2.0 GiB).
I190514 14:06:11.716288 1 cli/start.go:1082  CockroachDB CCL v19.1.0 (x86_64-w64-mingw32, built 2019/04/29 18:46:21, go1.11.6)
I190514 14:06:11.834052 1 server/config.go:386  system total memory: 7.9 GiB
I190514 14:06:11.834184 1 server/config.go:388  server configuration:
max offset             500000000
cache size             128 MiB
SQL memory pool size   128 MiB
scan interval          10m0s
scan min idle time     10ms
scan max idle time     1s
event log enabled      true
I190514 14:06:11.834280 1 cli/start.go:929  process identity: uid S-1-5-21-3587429272-3227690676-254406505-19748, gid S-1-5-21-3587429272-3227690676-254406505-513
I190514 14:06:11.834319 1 cli/start.go:554  starting cockroach node
I190514 14:06:11.839583 14 storage/engine/rocksdb.go:613  opening rocksdb instance at "C:\\Users\\jsandovalv\\go\\src\\backend\\cockroach-data\\cockroach-temp830756743"
I190514 14:06:12.411410 14 server/server.go:876  [n?] monitoring forward clock jumps based on server.clock.forward_jump_check_enabled
I190514 14:06:12.412499 14 storage/engine/rocksdb.go:613  opening rocksdb instance at "C:\\Users\\jsandovalv\\go\\src\\backend\\cockroach-data"
I190514 14:06:12.568028 14 server/config.go:494  [n?] 1 storage engine initialized
I190514 14:06:12.568059 14 server/config.go:497  [n?] RocksDB cache size: 128 MiB
I190514 14:06:12.568073 14 server/config.go:497  [n?] store 0: RocksDB, max size 0 B, max open file limit 10000
I190514 14:06:12.608840 14 server/server.go:926  [n?] Sleeping till wall time 1557842772608761300 to catches up to 1557842772911366001 to ensure monotonicity. Delta: 302.604701ms
I190514 14:06:12.912170 14 gossip/gossip.go:392  [n1] NodeDescriptor set to node_id:1 address:<network_field:"tcp" address_field:"localhost:26257" > attrs:<> locality:<> ServerVersion:<major_val:19 minor_val:1 patch:0 unstable:0 > build_tag:"v19.1.0" started_at:1557842772911803100 
W190514 14:06:12.947070 226 storage/replica_range_lease.go:506  can't determine lease status due to node liveness error: node not in the liveness table
W190514 14:06:12.947147 226 storage/store.go:1525  [n1,s1,r6/1:/Table/{SystemCon…-11}] could not gossip system config: [NotLeaseHolderError] r6: replica (n1,s1):1 not lease holder; lease holder unknown
I190514 14:06:12.961196 14 server/node.go:461  [n1] initialized store [n1,s1]: disk (capacity=915 GiB, available=628 GiB, used=15 MiB, logicalBytes=104 MiB), ranges=37, leases=0, queries=0.00, writes=0.00, bytesPerReplica={p10=0.00 p25=0.00 p50=3009.00 p75=20135.00 p90=147602.00 pMax=58395764.00}, writesPerReplica={p10=0.00 p25=0.00 p50=0.00 p75=0.00 p90=0.00 pMax=0.00}
I190514 14:06:12.961359 14 storage/stores.go:244  [n1] read 0 node addresses from persistent storage
W190514 14:06:12.999615 226 storage/store.go:1525  [n1,s1,r6/1:/Table/{SystemCon…-11}] could not gossip system config: [NotLeaseHolderError] r6: replica (n1,s1):1 not lease holder; lease holder unknown
I190514 14:06:13.075298 14 server/node.go:699  [n1] connecting to gossip network to verify cluster ID...
I190514 14:06:13.075322 14 server/node.go:719  [n1] node connected via gossip and verified as part of cluster "0582a066-33ef-4110-b793-7aa77ffea637"
I190514 14:06:13.075469 14 server/node.go:542  [n1] node=1: started with [<no-attributes>=C:\Users\jsandovalv\go\src\backend\cockroach-data] engine(s) and attributes []
I190514 14:06:13.075887 14 server/server.go:1582  [n1] starting http server at 127.0.0.1:8080 (use: localhost:8080)
I190514 14:06:13.075899 14 server/server.go:1584  [n1] starting grpc/postgres server at 127.0.0.1:26257
I190514 14:06:13.075907 14 server/server.go:1585  [n1] advertising CockroachDB node at localhost:26257
I190514 14:06:13.242685 14 server/server.go:1650  [n1] done ensuring all necessary migrations have run
I190514 14:06:13.242707 14 server/server.go:1653  [n1] serving sql connections
I190514 14:06:13.242864 14 cli/start.go:689  [config] clusterID: 0582a066-33ef-4110-b793-7aa77ffea637
I190514 14:06:13.242892 14 cli/start.go:697  node startup completed:
CockroachDB node starting at 2019-05-14 14:06:13.2427892 +0000 UTC (took 1.6s)
build:               CCL v19.1.0 @ 2019/04/29 18:46:21 (go1.11.6)
webui:               http://localhost:8080
sql:                 postgresql://root@localhost:26257?sslmode=disable
client flags:        cockroach <client cmd> --host=localhost:26257 --insecure
logs:                C:\Users\jsandovalv\go\src\backend\cockroach-data\logs
temp dir:            C:\Users\jsandovalv\go\src\backend\cockroach-data\cockroach-temp830756743
external I/O path:   C:\Users\jsandovalv\go\src\backend\cockroach-data\extern
store[0]:            path=C:\Users\jsandovalv\go\src\backend\cockroach-data
status:              restarted pre-existing node
clusterID:           0582a066-33ef-4110-b793-7aa77ffea637
nodeID:              1
I190514 14:06:13.344829 25 server/server_update.go:67  [n1] no need to upgrade, cluster already at the newest version
I190514 14:06:13.408437 28 sql/event_log.go:135  [n1] Event: "node_restart", target: 1, info: {Descriptor:{NodeID:1 Address:localhost:26257 Attrs: Locality: ServerVersion:19.1 BuildTag:v19.1.0 StartedAt:1557842772911803100 LocalityAddress:[] XXX_NoUnkeyedLiteral:{} XXX_sizecache:0} ClusterID:0582a066-33ef-4110-b793-7aa77ffea637 StartedAt:1557842772911803100 LastUp:1557842765686843100}
I190514 14:06:14.641595 120 gossip/gossip.go:1510  [n1] node has connected to cluster via gossip
I190514 14:06:14.641768 120 storage/stores.go:263  [n1] wrote 0 node addresses to persistent storage
W190514 14:06:23.077313 239 server/status/runtime.go:423  [n1] unable to get file descriptor usage (will not try again): not implemented on windows
I190514 14:06:23.114356 234 storage/store.go:4220  [n1,s1] sstables (read amplification = 2):
0 [ 43K 1 ]: 43K
6 [ 10M 3 ]: 4M[2] 2M
I190514 14:06:23.114512 234 storage/store.go:4221  [n1,s1] 
** Compaction Stats [default] **
Level    Files   Size     Score Read(GB)  Rn(GB) Rnp1(GB) Write(GB) Wnew(GB) Moved(GB) W-Amp Rd(MB/s) Wr(MB/s) Comp(sec) Comp(cnt) Avg(sec) KeyIn KeyDrop
----------------------------------------------------------------------------------------------------------------------------------------------------------
  L0      1/0   43.42 KB   0.5      0.0     0.0      0.0       0.0      0.0       0.0   1.0      0.0      1.9         0         1    0.022       0      0
  L6      3/0    9.90 MB   0.0      0.0     0.0      0.0       0.0      0.0       0.0   0.0      0.0      0.0         0         0    0.000       0      0
 Sum      4/0    9.94 MB   0.0      0.0     0.0      0.0       0.0      0.0       0.0   1.0      0.0      1.9         0         1    0.022       0      0
 Int      0/0    0.00 KB   0.0      0.0     0.0      0.0       0.0      0.0       0.0   1.0      0.0      1.9         0         1    0.022       0      0
Uptime(secs): 10.7 total, 10.7 interval
Flush(GB): cumulative 0.000, interval 0.000
AddFile(GB): cumulative 0.000, interval 0.000
AddFile(Total Files): cumulative 0, interval 0
AddFile(L0 Files): cumulative 0, interval 0
AddFile(Keys): cumulative 0, interval 0
Cumulative compaction: 0.00 GB write, 0.00 MB/s write, 0.00 GB read, 0.00 MB/s read, 0.0 seconds
Interval compaction: 0.00 GB write, 0.00 MB/s write, 0.00 GB read, 0.00 MB/s read, 0.0 seconds
Stalls(count): 0 level0_slowdown, 0 level0_slowdown_with_compaction, 0 level0_numfiles, 0 level0_numfiles_with_compaction, 0 stop for pending_compaction_bytes, 0 slowdown for pending_compaction_bytes, 0 memtable_compaction, 0 memtable_slowdown, interval 0 total count
estimated_pending_compaction_bytes: 0 B
I190514 14:06:23.390551 239 server/status/runtime.go:500  [n1] runtime stats: 81 MiB RSS, 163 goroutines, 75 MiB/9.7 MiB/99 MiB GO alloc/idle/total, 19 MiB/22 MiB CGO alloc/total, 0.0 CGO/sec, 0.0/0.0 %(u/s)time, 0.0 %gc (9x), 17 KiB/5.7 KiB (r/w)net
I190514 14:06:33.675318 239 server/status/runtime.go:500  [n1] runtime stats: 88 MiB RSS, 167 goroutines, 83 MiB/2.6 MiB/99 MiB GO alloc/idle/total, 21 MiB/25 MiB CGO alloc/total, 488.5 CGO/sec, 1.2/1.1 %(u/s)time, 0.0 %gc (0x), 77 KiB/68 KiB (r/w)net
I190514 14:06:43.981471 239 server/status/runtime.go:500  [n1] runtime stats: 99 MiB RSS, 166 goroutines, 90 MiB/3.4 MiB/107 MiB GO alloc/idle/total, 22 MiB/27 MiB CGO alloc/total, 530.9 CGO/sec, 1.5/0.5 %(u/s)time, 0.0 %gc (0x), 20 KiB/10 KiB (r/w)net
I190514 14:06:54.283925 239 server/status/runtime.go:500  [n1] runtime stats: 106 MiB RSS, 166 goroutines, 97 MiB/448 KiB/111 MiB GO alloc/idle/total, 23 MiB/28 MiB CGO alloc/total, 319.1 CGO/sec, 1.1/0.5 %(u/s)time, 0.0 %gc (0x), 14 KiB/8.9 KiB (r/w)net
I190514 14:07:04.575298 239 server/status/runtime.go:500  [n1] runtime stats: 113 MiB RSS, 166 goroutines, 103 MiB/2.4 MiB/120 MiB GO alloc/idle/total, 24 MiB/29 MiB CGO alloc/total, 218.5 CGO/sec, 0.5/0.2 %(u/s)time, 0.0 %gc (0x), 13 KiB/2.7 KiB (r/w)net
W190514 14:07:08.438214 166 storage/engine/rocksdb.go:2033  batch [2/221/0] commit took 1.3622566s (>= warning threshold 500ms)
W190514 14:07:08.632261 166 storage/store.go:3708  [n1,s1,r2/1:/System/NodeLiveness{-Max}] handle raft ready: 1.6s [processed=1]
W190514 14:07:08.632587 262 storage/node_liveness.go:523  [n1,hb] slow heartbeat took 1.6s
W190514 14:07:08.632889 128 storage/store.go:3708  [n1,s1,r4/1:/System/tsd{-/cr.nod…}] handle raft ready: 1.6s [processed=1]
I190514 14:07:13.075016 235 gossip/gossip.go:557  [n1] gossip status (ok, 1 node)
gossip client (0/3 cur/max conns)
gossip server (0/3 cur/max conns, infos 0/0 sent/received, bytes 0B/0B sent/received)
gossip connectivity
  n1 [sentinel];
W190514 14:07:13.081253 380 sql/stats/automatic_stats.go:450  failed to create statistics on table 71: create-stats: table is being dropped
W190514 14:07:13.091836 380 sql/stats/automatic_stats.go:450  failed to create statistics on table 81: create-stats: table is being dropped
W190514 14:07:13.095515 380 sql/stats/automatic_stats.go:450  failed to create statistics on table 83: create-stats: table is being dropped
I190514 14:07:14.891840 239 server/status/runtime.go:500  [n1] runtime stats: 124 MiB RSS, 165 goroutines, 110 MiB/3.6 MiB/128 MiB GO alloc/idle/total, 24 MiB/30 MiB CGO alloc/total, 402.2 CGO/sec, 1.1/0.3 %(u/s)time, 0.0 %gc (1x), 35 KiB/13 KiB (r/w)net
I190514 14:07:25.196808 239 server/status/runtime.go:500  [n1] runtime stats: 124 MiB RSS, 165 goroutines, 77 MiB/41 MiB/136 MiB GO alloc/idle/total, 25 MiB/31 MiB CGO alloc/total, 263.5 CGO/sec, 1.1/0.6 %(u/s)time, 0.0 %gc (0x), 24 KiB/20 KiB (r/w)net
I190514 14:07:35.493735 239 server/status/runtime.go:500  [n1] runtime stats: 125 MiB RSS, 165 goroutines, 84 MiB/35 MiB/136 MiB GO alloc/idle/total, 26 MiB/31 MiB CGO alloc/total, 240.4 CGO/sec, 0.5/0.8 %(u/s)time, 0.0 %gc (0x), 39 KiB/24 KiB (r/w)net
I190514 14:07:45.815951 239 server/status/runtime.go:500  [n1] runtime stats: 126 MiB RSS, 166 goroutines, 91 MiB/30 MiB/136 MiB GO alloc/idle/total, 26 MiB/32 MiB CGO alloc/total, 273.6 CGO/sec, 0.8/0.9 %(u/s)time, 0.0 %gc (0x), 32 KiB/5.5 KiB (r/w)net
I190514 14:07:56.098019 239 server/status/runtime.go:500  [n1] runtime stats: 127 MiB RSS, 166 goroutines, 97 MiB/23 MiB/136 MiB GO alloc/idle/total, 27 MiB/33 MiB CGO alloc/total, 211.3 CGO/sec, 0.8/0.5 %(u/s)time, 0.0 %gc (0x), 40 KiB/19 KiB (r/w)net
I190514 14:08:06.418895 239 server/status/runtime.go:500  [n1] runtime stats: 128 MiB RSS, 166 goroutines, 104 MiB/17 MiB/136 MiB GO alloc/idle/total, 27 MiB/33 MiB CGO alloc/total, 238.9 CGO/sec, 0.5/0.6 %(u/s)time, 0.0 %gc (0x), 36 KiB/1.7 KiB (r/w)net
I190514 14:08:13.108682 235 gossip/gossip.go:557  [n1] gossip status (ok, 1 node)
gossip client (0/3 cur/max conns)
gossip server (0/3 cur/max conns, infos 0/0 sent/received, bytes 0B/0B sent/received)
I190514 14:08:16.726878 239 server/status/runtime.go:500  [n1] runtime stats: 130 MiB RSS, 165 goroutines, 110 MiB/11 MiB/136 MiB GO alloc/idle/total, 27 MiB/33 MiB CGO alloc/total, 266.0 CGO/sec, 0.8/1.2 %(u/s)time, 0.0 %gc (0x), 13 KiB/12 KiB (r/w)net
I190514 14:08:27.048698 239 server/status/runtime.go:500  [n1] runtime stats: 133 MiB RSS, 165 goroutines, 117 MiB/4.7 MiB/136 MiB GO alloc/idle/total, 27 MiB/34 MiB CGO alloc/total, 250.9 CGO/sec, 0.6/1.1 %(u/s)time, 0.0 %gc (0x), 14 KiB/1.2 KiB (r/w)net
I190514 14:08:37.371866 239 server/status/runtime.go:500  [n1] runtime stats: 138 MiB RSS, 165 goroutines, 123 MiB/2.3 MiB/140 MiB GO alloc/idle/total, 28 MiB/34 MiB CGO alloc/total, 210.8 CGO/sec, 0.9/0.8 %(u/s)time, 0.0 %gc (0x), 31 KiB/30 KiB (r/w)net
I190514 14:08:45.579711 626 sql/lease.go:1790  refreshing table: 71 lease failed: table is being dropped
I190514 14:08:45.579718 463 sql/lease.go:1790  refreshing table: 81 lease failed: table is being dropped
I190514 14:08:45.579748 464 sql/lease.go:1790  refreshing table: 83 lease failed: table is being dropped
I190514 14:08:47.698608 239 server/status/runtime.go:500  [n1] runtime stats: 146 MiB RSS, 166 goroutines, 130 MiB/8.0 KiB/144 MiB GO alloc/idle/total, 28 MiB/34 MiB CGO alloc/total, 289.2 CGO/sec, 1.5/0.5 %(u/s)time, 0.0 %gc (1x), 29 KiB/24 KiB (r/w)net
I190514 14:08:58.019460 239 server/status/runtime.go:500  [n1] runtime stats: 146 MiB RSS, 166 goroutines, 77 MiB/58 MiB/153 MiB GO alloc/idle/total, 28 MiB/34 MiB CGO alloc/total, 244.4 CGO/sec, 0.8/0.6 %(u/s)time, 0.0 %gc (0x), 26 KiB/9.9 KiB (r/w)net
I190514 14:09:08.343354 239 server/status/runtime.go:500  [n1] runtime stats: 146 MiB RSS, 166 goroutines, 84 MiB/52 MiB/153 MiB GO alloc/idle/total, 28 MiB/34 MiB CGO alloc/total, 226.8 CGO/sec, 0.3/0.9 %(u/s)time, 0.0 %gc (0x), 18 KiB/3.0 KiB (r/w)net
I190514 14:09:13.073501 235 gossip/gossip.go:557  [n1] gossip status (ok, 1 node)
gossip client (0/3 cur/max conns)
gossip server (0/3 cur/max conns, infos 0/0 sent/received, bytes 0B/0B sent/received)
I190514 14:09:18.650583 239 server/status/runtime.go:500  [n1] runtime stats: 147 MiB RSS, 165 goroutines, 91 MiB/45 MiB/153 MiB GO alloc/idle/total, 28 MiB/34 MiB CGO alloc/total, 295.0 CGO/sec, 0.8/0.6 %(u/s)time, 0.0 %gc (0x), 20 KiB/9.6 KiB (r/w)net
I190514 14:09:28.972302 239 server/status/runtime.go:500  [n1] runtime stats: 148 MiB RSS, 165 goroutines, 98 MiB/39 MiB/153 MiB GO alloc/idle/total, 28 MiB/34 MiB CGO alloc/total, 224.1 CGO/sec, 0.5/0.5 %(u/s)time, 0.0 %gc (0x), 25 KiB/16 KiB (r/w)net
I190514 14:09:39.270954 239 server/status/runtime.go:500  [n1] runtime stats: 148 MiB RSS, 165 goroutines, 104 MiB/33 MiB/153 MiB GO alloc/idle/total, 29 MiB/35 MiB CGO alloc/total, 211.7 CGO/sec, 0.9/0.6 %(u/s)time, 0.0 %gc (0x), 60 KiB/44 KiB (r/w)net
I190514 14:09:49.595776 239 server/status/runtime.go:500  [n1] runtime stats: 148 MiB RSS, 166 goroutines, 110 MiB/27 MiB/153 MiB GO alloc/idle/total, 29 MiB/35 MiB CGO alloc/total, 268.1 CGO/sec, 0.8/0.9 %(u/s)time, 0.0 %gc (0x), 20 KiB/15 KiB (r/w)net
I190514 14:09:59.891238 239 server/status/runtime.go:500  [n1] runtime stats: 148 MiB RSS, 166 goroutines, 117 MiB/20 MiB/153 MiB GO alloc/idle/total, 29 MiB/35 MiB CGO alloc/total, 236.4 CGO/sec, 1.1/0.8 %(u/s)time, 0.0 %gc (0x), 22 MiB/96 KiB (r/w)net
I190514 14:10:10.160638 239 server/status/runtime.go:500  [n1] runtime stats: 151 MiB RSS, 166 goroutines, 124 MiB/14 MiB/153 MiB GO alloc/idle/total, 29 MiB/35 MiB CGO alloc/total, 226.3 CGO/sec, 0.6/0.6 %(u/s)time, 0.0 %gc (0x), 51 MiB/382 KiB (r/w)net
I190514 14:10:13.110233 235 gossip/gossip.go:557  [n1] gossip status (ok, 1 node)
gossip client (0/3 cur/max conns)
gossip server (0/3 cur/max conns, infos 0/0 sent/received, bytes 0B/0B sent/received)
I190514 14:10:20.460058 239 server/status/runtime.go:500  [n1] runtime stats: 151 MiB RSS, 165 goroutines, 130 MiB/8.1 MiB/153 MiB GO alloc/idle/total, 29 MiB/35 MiB CGO alloc/total, 292.8 CGO/sec, 0.6/0.3 %(u/s)time, 0.0 %gc (0x), 22 KiB/7.9 KiB (r/w)net
I190514 14:10:30.782986 239 server/status/runtime.go:500  [n1] runtime stats: 155 MiB RSS, 165 goroutines, 136 MiB/1.4 MiB/153 MiB GO alloc/idle/total, 29 MiB/35 MiB CGO alloc/total, 249.8 CGO/sec, 0.6/0.6 %(u/s)time, 0.0 %gc (0x), 24 KiB/10 KiB (r/w)net
I190514 14:10:41.102315 239 server/status/runtime.go:500  [n1] runtime stats: 158 MiB RSS, 165 goroutines, 143 MiB/3.1 MiB/161 MiB GO alloc/idle/total, 29 MiB/36 MiB CGO alloc/total, 216.8 CGO/sec, 1.2/0.5 %(u/s)time, 0.0 %gc (1x), 59 KiB/42 KiB (r/w)net
I190514 14:10:51.371148 239 server/status/runtime.go:500  [n1] runtime stats: 158 MiB RSS, 166 goroutines, 81 MiB/62 MiB/161 MiB GO alloc/idle/total, 29 MiB/36 MiB CGO alloc/total, 244.4 CGO/sec, 0.8/0.9 %(u/s)time, 0.0 %gc (0x), 26 KiB/9.0 KiB (r/w)net
I190514 14:11:01.671343 239 server/status/runtime.go:500  [n1] runtime stats: 159 MiB RSS, 166 goroutines, 88 MiB/56 MiB/161 MiB GO alloc/idle/total, 29 MiB/36 MiB CGO alloc/total, 237.9 CGO/sec, 0.6/0.8 %(u/s)time, 0.0 %gc (0x), 22 KiB/4.9 KiB (r/w)net
I190514 14:11:12.002403 239 server/status/runtime.go:500  [n1] runtime stats: 159 MiB RSS, 166 goroutines, 94 MiB/51 MiB/161 MiB GO alloc/idle/total, 29 MiB/36 MiB CGO alloc/total, 241.8 CGO/sec, 0.8/0.5 %(u/s)time, 0.0 %gc (0x), 20 KiB/13 KiB (r/w)net
I190514 14:11:13.074582 235 gossip/gossip.go:557  [n1] gossip status (ok, 1 node)
gossip client (0/3 cur/max conns)
gossip server (0/3 cur/max conns, infos 0/0 sent/received, bytes 0B/0B sent/received)
I190514 14:11:19.077713 805 sql/lease.go:1790  refreshing table: 83 lease failed: table is being dropped
I190514 14:11:19.077812 803 sql/lease.go:1790  refreshing table: 71 lease failed: table is being dropped
I190514 14:11:19.077812 804 sql/lease.go:1790  refreshing table: 81 lease failed: table is being dropped
I190514 14:11:22.327766 239 server/status/runtime.go:500  [n1] runtime stats: 160 MiB RSS, 165 goroutines, 101 MiB/44 MiB/161 MiB GO alloc/idle/total, 30 MiB/36 MiB CGO alloc/total, 315.4 CGO/sec, 2.0/0.9 %(u/s)time, 0.0 %gc (0x), 22 KiB/2.2 KiB (r/w)net
I190514 14:11:32.650754 239 server/status/runtime.go:500  [n1] runtime stats: 160 MiB RSS, 165 goroutines, 108 MiB/38 MiB/161 MiB GO alloc/idle/total, 30 MiB/36 MiB CGO alloc/total, 253.8 CGO/sec, 0.6/0.6 %(u/s)time, 0.0 %gc (0x), 29 KiB/13 KiB (r/w)net
I190514 14:11:42.972415 239 server/status/runtime.go:500  [n1] runtime stats: 162 MiB RSS, 165 goroutines, 114 MiB/31 MiB/161 MiB GO alloc/idle/total, 30 MiB/36 MiB CGO alloc/total, 222.6 CGO/sec, 0.8/0.3 %(u/s)time, 0.0 %gc (0x), 54 KiB/35 KiB (r/w)net
I190514 14:11:53.296446 239 server/status/runtime.go:500  [n1] runtime stats: 162 MiB RSS, 166 goroutines, 127 MiB/19 MiB/161 MiB GO alloc/idle/total, 30 MiB/37 MiB CGO alloc/total, 243.7 CGO/sec, 1.5/0.5 %(u/s)time, 0.0 %gc (0x), 23 KiB/12 KiB (r/w)net
I190514 14:12:03.617209 239 server/status/runtime.go:500  [n1] runtime stats: 162 MiB RSS, 166 goroutines, 133 MiB/13 MiB/161 MiB GO alloc/idle/total, 30 MiB/37 MiB CGO alloc/total, 273.1 CGO/sec, 1.2/1.1 %(u/s)time, 0.0 %gc (0x), 16 KiB/7.5 KiB (r/w)net
I190514 14:12:13.121574 235 gossip/gossip.go:557  [n1] gossip status (ok, 1 node)
gossip client (0/3 cur/max conns)
gossip server (0/3 cur/max conns, infos 0/0 sent/received, bytes 0B/0B sent/received)
I190514 14:12:13.930791 239 server/status/runtime.go:500  [n1] runtime stats: 164 MiB RSS, 165 goroutines, 140 MiB/6.4 MiB/161 MiB GO alloc/idle/total, 30 MiB/37 MiB CGO alloc/total, 366.8 CGO/sec, 1.8/1.4 %(u/s)time, 0.0 %gc (1x), 106 KiB/8.9 KiB (r/w)net
I190514 14:12:24.250572 239 server/status/runtime.go:500  [n1] runtime stats: 164 MiB RSS, 165 goroutines, 77 MiB/69 MiB/165 MiB GO alloc/idle/total, 30 MiB/37 MiB CGO alloc/total, 249.9 CGO/sec, 1.4/0.5 %(u/s)time, 0.0 %gc (0x), 58 KiB/3.3 KiB (r/w)net
I190514 14:12:34.573403 239 server/status/runtime.go:500  [n1] runtime stats: 165 MiB RSS, 165 goroutines, 84 MiB/63 MiB/165 MiB GO alloc/idle/total, 30 MiB/37 MiB CGO alloc/total, 213.7 CGO/sec, 1.4/0.5 %(u/s)time, 0.0 %gc (0x), 22 KiB/15 KiB (r/w)net
I190514 14:12:44.894212 239 server/status/runtime.go:500  [n1] runtime stats: 165 MiB RSS, 166 goroutines, 91 MiB/57 MiB/165 MiB GO alloc/idle/total, 38 MiB/45 MiB CGO alloc/total, 243.4 CGO/sec, 0.8/0.8 %(u/s)time, 0.0 %gc (0x), 49 KiB/40 KiB (r/w)net
I190514 14:12:55.205588 239 server/status/runtime.go:500  [n1] runtime stats: 165 MiB RSS, 166 goroutines, 97 MiB/51 MiB/165 MiB GO alloc/idle/total, 38 MiB/45 MiB CGO alloc/total, 246.5 CGO/sec, 1.2/0.8 %(u/s)time, 0.0 %gc (0x), 15 KiB/6.8 KiB (r/w)net
I190514 14:13:05.529230 239 server/status/runtime.go:500  [n1] runtime stats: 165 MiB RSS, 166 goroutines, 104 MiB/45 MiB/165 MiB GO alloc/idle/total, 38 MiB/45 MiB CGO alloc/total, 230.1 CGO/sec, 0.8/0.6 %(u/s)time, 0.0 %gc (0x), 14 KiB/8.9 KiB (r/w)net
I190514 14:13:13.073965 235 gossip/gossip.go:557  [n1] gossip status (ok, 1 node)
gossip client (0/3 cur/max conns)
gossip server (0/3 cur/max conns, infos 0/0 sent/received, bytes 0B/0B sent/received)
I190514 14:13:15.852330 239 server/status/runtime.go:500  [n1] runtime stats: 166 MiB RSS, 165 goroutines, 110 MiB/39 MiB/165 MiB GO alloc/idle/total, 38 MiB/45 MiB CGO alloc/total, 290.8 CGO/sec, 0.8/1.2 %(u/s)time, 0.0 %gc (0x), 16 KiB/6.9 KiB (r/w)net
I190514 14:13:26.176729 239 server/status/runtime.go:500  [n1] runtime stats: 166 MiB RSS, 165 goroutines, 117 MiB/32 MiB/165 MiB GO alloc/idle/total, 38 MiB/45 MiB CGO alloc/total, 230.6 CGO/sec, 0.9/1.1 %(u/s)time, 0.0 %gc (0x), 20 KiB/6.3 KiB (r/w)net
I190514 14:13:36.500179 239 server/status/runtime.go:500  [n1] runtime stats: 166 MiB RSS, 165 goroutines, 123 MiB/26 MiB/165 MiB GO alloc/idle/total, 38 MiB/46 MiB CGO alloc/total, 216.9 CGO/sec, 1.2/0.3 %(u/s)time, 0.0 %gc (0x), 33 KiB/17 KiB (r/w)net
I190514 14:13:46.832724 239 server/status/runtime.go:500  [n1] runtime stats: 166 MiB RSS, 166 goroutines, 130 MiB/20 MiB/165 MiB GO alloc/idle/total, 38 MiB/46 MiB CGO alloc/total, 279.0 CGO/sec, 1.2/0.8 %(u/s)time, 0.0 %gc (0x), 46 KiB/32 KiB (r/w)net
I190514 14:13:56.346767 982 sql/lease.go:1790  refreshing table: 83 lease failed: table is being dropped
I190514 14:13:56.346767 980 sql/lease.go:1790  refreshing table: 71 lease failed: table is being dropped
I190514 14:13:56.346767 981 sql/lease.go:1790  refreshing table: 81 lease failed: table is being dropped
I190514 14:13:57.153886 239 server/status/runtime.go:500  [n1] runtime stats: 167 MiB RSS, 166 goroutines, 136 MiB/14 MiB/165 MiB GO alloc/idle/total, 38 MiB/46 MiB CGO alloc/total, 259.6 CGO/sec, 1.2/0.3 %(u/s)time, 0.0 %gc (0x), 22 KiB/6.3 KiB (r/w)net
I190514 14:14:07.474657 239 server/status/runtime.go:500  [n1] runtime stats: 168 MiB RSS, 166 goroutines, 142 MiB/7.6 MiB/165 MiB GO alloc/idle/total, 38 MiB/46 MiB CGO alloc/total, 234.1 CGO/sec, 0.8/0.8 %(u/s)time, 0.0 %gc (0x), 32 KiB/15 KiB (r/w)net
I190514 14:14:13.119951 235 gossip/gossip.go:557  [n1] gossip status (ok, 1 node)
gossip client (0/3 cur/max conns)
gossip server (0/3 cur/max conns, infos 0/0 sent/received, bytes 0B/0B sent/received)
I190514 14:14:17.790094 239 server/status/runtime.go:500  [n1] runtime stats: 169 MiB RSS, 165 goroutines, 76 MiB/71 MiB/165 MiB GO alloc/idle/total, 38 MiB/46 MiB CGO alloc/total, 288.3 CGO/sec, 1.4/1.2 %(u/s)time, 0.0 %gc (1x), 17 KiB/4.0 KiB (r/w)net
I190514 14:14:28.111305 239 server/status/runtime.go:500  [n1] runtime stats: 170 MiB RSS, 165 goroutines, 83 MiB/64 MiB/165 MiB GO alloc/idle/total, 38 MiB/46 MiB CGO alloc/total, 221.2 CGO/sec, 0.8/0.6 %(u/s)time, 0.0 %gc (0x), 14 KiB/8.5 KiB (r/w)net
I190514 14:14:38.414164 239 server/status/runtime.go:500  [n1] runtime stats: 170 MiB RSS, 165 goroutines, 90 MiB/58 MiB/165 MiB GO alloc/idle/total, 38 MiB/46 MiB CGO alloc/total, 260.1 CGO/sec, 0.9/0.8 %(u/s)time, 0.0 %gc (0x), 48 KiB/28 KiB (r/w)net
I190514 14:14:48.730163 239 server/status/runtime.go:500  [n1] runtime stats: 170 MiB RSS, 166 goroutines, 96 MiB/52 MiB/165 MiB GO alloc/idle/total, 38 MiB/46 MiB CGO alloc/total, 261.0 CGO/sec, 1.5/0.9 %(u/s)time, 0.0 %gc (0x), 29 KiB/29 KiB (r/w)net
I190514 14:14:59.032037 239 server/status/runtime.go:500  [n1] runtime stats: 171 MiB RSS, 166 goroutines, 103 MiB/46 MiB/165 MiB GO alloc/idle/total, 38 MiB/46 MiB CGO alloc/total, 216.7 CGO/sec, 0.8/0.3 %(u/s)time, 0.0 %gc (0x), 12 KiB/5.2 KiB (r/w)net
I190514 14:15:09.361389 239 server/status/runtime.go:500  [n1] runtime stats: 171 MiB RSS, 166 goroutines, 109 MiB/40 MiB/165 MiB GO alloc/idle/total, 38 MiB/46 MiB CGO alloc/total, 240.6 CGO/sec, 0.2/0.8 %(u/s)time, 0.0 %gc (0x), 13 KiB/11 KiB (r/w)net
I190514 14:15:13.072630 235 gossip/gossip.go:557  [n1] gossip status (ok, 1 node)
gossip client (0/3 cur/max conns)
gossip server (0/3 cur/max conns, infos 0/0 sent/received, bytes 0B/0B sent/received)
I190514 14:15:19.682828 239 server/status/runtime.go:500  [n1] runtime stats: 171 MiB RSS, 165 goroutines, 116 MiB/33 MiB/165 MiB GO alloc/idle/total, 38 MiB/46 MiB CGO alloc/total, 274.7 CGO/sec, 0.6/1.2 %(u/s)time, 0.0 %gc (0x), 25 KiB/20 KiB (r/w)net
I190514 14:15:30.001733 239 server/status/runtime.go:500  [n1] runtime stats: 171 MiB RSS, 165 goroutines, 123 MiB/27 MiB/165 MiB GO alloc/idle/total, 38 MiB/46 MiB CGO alloc/total, 272.3 CGO/sec, 0.9/0.6 %(u/s)time, 0.0 %gc (0x), 53 KiB/26 KiB (r/w)net
I190514 14:15:40.297157 239 server/status/runtime.go:500  [n1] runtime stats: 173 MiB RSS, 165 goroutines, 129 MiB/21 MiB/165 MiB GO alloc/idle/total, 38 MiB/46 MiB CGO alloc/total, 237.9 CGO/sec, 0.8/0.5 %(u/s)time, 0.0 %gc (0x), 47 KiB/43 KiB (r/w)net
I190514 14:15:50.595385 239 server/status/runtime.go:500  [n1] runtime stats: 173 MiB RSS, 166 goroutines, 135 MiB/15 MiB/165 MiB GO alloc/idle/total, 38 MiB/46 MiB CGO alloc/total, 260.8 CGO/sec, 0.9/0.9 %(u/s)time, 0.0 %gc (0x), 26 KiB/22 KiB (r/w)net
I190514 14:16:00.875942 239 server/status/runtime.go:500  [n1] runtime stats: 173 MiB RSS, 166 goroutines, 142 MiB/7.9 MiB/165 MiB GO alloc/idle/total, 38 MiB/46 MiB CGO alloc/total, 222.8 CGO/sec, 0.5/0.6 %(u/s)time, 0.0 %gc (1x), 23 KiB/8.2 KiB (r/w)net
I190514 14:16:11.204000 239 server/status/runtime.go:500  [n1] runtime stats: 173 MiB RSS, 166 goroutines, 78 MiB/67 MiB/165 MiB GO alloc/idle/total, 38 MiB/46 MiB CGO alloc/total, 217.4 CGO/sec, 0.3/0.0 %(u/s)time, 0.0 %gc (0x), 14 KiB/7.1 KiB (r/w)net
I190514 14:16:13.098340 235 gossip/gossip.go:557  [n1] gossip status (ok, 1 node)
gossip client (0/3 cur/max conns)
gossip server (0/3 cur/max conns, infos 0/0 sent/received, bytes 0B/0B sent/received)
E190514 14:16:13.363140 103 storage/queue.go:930  [n1,replicate] 37 replicas failing with "0 of 1 live stores are able to take a new replica for the range (1 already has a replica); likely not enough nodes in cluster"
I190514 14:16:21.511501 239 server/status/runtime.go:500  [n1] runtime stats: 174 MiB RSS, 165 goroutines, 85 MiB/62 MiB/165 MiB GO alloc/idle/total, 38 MiB/46 MiB CGO alloc/total, 305.3 CGO/sec, 0.6/1.4 %(u/s)time, 0.0 %gc (0x), 20 KiB/8.9 KiB (r/w)net
I190514 14:16:22.772369 1129 sql/lease.go:1790  refreshing table: 83 lease failed: table is being dropped
I190514 14:16:22.772375 1128 sql/lease.go:1790  refreshing table: 81 lease failed: table is being dropped
I190514 14:16:22.772372 1127 sql/lease.go:1790  refreshing table: 71 lease failed: table is being dropped
I190514 14:16:23.107718 234 storage/store.go:4220  [n1,s1] sstables (read amplification = 2):
0 [ 43K 1 ]: 43K
6 [ 10M 3 ]: 4M[2] 2M
I190514 14:16:23.107837 234 storage/store.go:4221  [n1,s1] 
** Compaction Stats [default] **
Level    Files   Size     Score Read(GB)  Rn(GB) Rnp1(GB) Write(GB) Wnew(GB) Moved(GB) W-Amp Rd(MB/s) Wr(MB/s) Comp(sec) Comp(cnt) Avg(sec) KeyIn KeyDrop
----------------------------------------------------------------------------------------------------------------------------------------------------------
  L0      1/0   43.42 KB   0.5      0.0     0.0      0.0       0.0      0.0       0.0   1.0      0.0      1.9         0         1    0.022       0      0
  L6      3/0    9.90 MB   0.0      0.0     0.0      0.0       0.0      0.0       0.0   0.0      0.0      0.0         0         0    0.000       0      0
 Sum      4/0    9.94 MB   0.0      0.0     0.0      0.0       0.0      0.0       0.0   1.0      0.0      1.9         0         1    0.022       0      0
 Int      0/0    0.00 KB   0.0      0.0     0.0      0.0       0.0      0.0       0.0   0.0      0.0      0.0         0         0    0.000       0      0
Uptime(secs): 610.7 total, 600.0 interval
Flush(GB): cumulative 0.000, interval 0.000
AddFile(GB): cumulative 0.000, interval 0.000
AddFile(Total Files): cumulative 0, interval 0
AddFile(L0 Files): cumulative 0, interval 0
AddFile(Keys): cumulative 0, interval 0
Cumulative compaction: 0.00 GB write, 0.00 MB/s write, 0.00 GB read, 0.00 MB/s read, 0.0 seconds
Interval compaction: 0.00 GB write, 0.00 MB/s write, 0.00 GB read, 0.00 MB/s read, 0.0 seconds
Stalls(count): 0 level0_slowdown, 0 level0_slowdown_with_compaction, 0 level0_numfiles, 0 level0_numfiles_with_compaction, 0 stop for pending_compaction_bytes, 0 slowdown for pending_compaction_bytes, 0 memtable_compaction, 0 memtable_slowdown, interval 0 total count
estimated_pending_compaction_bytes: 0 B
I190514 14:16:31.780738 239 server/status/runtime.go:500  [n1] runtime stats: 174 MiB RSS, 165 goroutines, 92 MiB/56 MiB/165 MiB GO alloc/idle/total, 38 MiB/46 MiB CGO alloc/total, 327.4 CGO/sec, 1.2/0.5 %(u/s)time, 0.0 %gc (0x), 1.1 MiB/18 KiB (r/w)net
I190514 14:16:42.077187 239 server/status/runtime.go:500  [n1] runtime stats: 174 MiB RSS, 165 goroutines, 99 MiB/50 MiB/165 MiB GO alloc/idle/total, 38 MiB/46 MiB CGO alloc/total, 215.7 CGO/sec, 0.3/0.1 %(u/s)time, 0.0 %gc (0x), 1.0 MiB/132 KiB (r/w)net
I190514 14:16:52.346203 239 server/status/runtime.go:500  [n1] runtime stats: 175 MiB RSS, 166 goroutines, 105 MiB/44 MiB/165 MiB GO alloc/idle/total, 38 MiB/46 MiB CGO alloc/total, 303.5 CGO/sec, 1.4/0.6 %(u/s)time, 0.0 %gc (0x), 15 KiB/5.1 KiB (r/w)net
I190514 14:17:02.675120 239 server/status/runtime.go:500  [n1] runtime stats: 175 MiB RSS, 166 goroutines, 112 MiB/38 MiB/165 MiB GO alloc/idle/total, 38 MiB/46 MiB CGO alloc/total, 214.0 CGO/sec, 0.3/0.3 %(u/s)time, 0.0 %gc (0x), 12 KiB/10 KiB (r/w)net
I190514 14:17:13.001685 239 server/status/runtime.go:500  [n1] runtime stats: 175 MiB RSS, 166 goroutines, 118 MiB/32 MiB/165 MiB GO alloc/idle/total, 37 MiB/46 MiB CGO alloc/total, 224.6 CGO/sec, 1.2/0.6 %(u/s)time, 0.0 %gc (0x), 15 KiB/6.6 KiB (r/w)net
I190514 14:17:13.070184 235 gossip/gossip.go:557  [n1] gossip status (ok, 1 node)
gossip client (0/3 cur/max conns)
gossip server (0/3 cur/max conns, infos 0/0 sent/received, bytes 0B/0B sent/received)
I190514 14:17:23.327320 239 server/status/runtime.go:500  [n1] runtime stats: 175 MiB RSS, 165 goroutines, 131 MiB/18 MiB/165 MiB GO alloc/idle/total, 37 MiB/46 MiB CGO alloc/total, 275.9 CGO/sec, 1.1/1.1 %(u/s)time, 0.0 %gc (0x), 22 KiB/13 KiB (r/w)net
I190514 14:17:33.650468 239 server/status/runtime.go:500  [n1] runtime stats: 176 MiB RSS, 165 goroutines, 138 MiB/12 MiB/165 MiB GO alloc/idle/total, 37 MiB/46 MiB CGO alloc/total, 268.5 CGO/sec, 0.5/0.9 %(u/s)time, 0.0 %gc (0x), 29 KiB/13 KiB (r/w)net
I190514 14:17:43.928351 239 server/status/runtime.go:500  [n1] runtime stats: 176 MiB RSS, 166 goroutines, 144 MiB/6.2 MiB/165 MiB GO alloc/idle/total, 37 MiB/46 MiB CGO alloc/total, 334.7 CGO/sec, 2.0/0.5 %(u/s)time, 0.0 %gc (1x), 48 KiB/48 KiB (r/w)net
I190514 14:17:54.239960 239 server/status/runtime.go:500  [n1] runtime stats: 176 MiB RSS, 166 goroutines, 79 MiB/66 MiB/165 MiB GO alloc/idle/total, 37 MiB/46 MiB CGO alloc/total, 260.8 CGO/sec, 0.5/0.3 %(u/s)time, 0.0 %gc (0x), 53 KiB/9.4 KiB (r/w)net
I190514 14:18:04.564715 239 server/status/runtime.go:500  [n1] runtime stats: 176 MiB RSS, 166 goroutines, 86 MiB/61 MiB/165 MiB GO alloc/idle/total, 37 MiB/46 MiB CGO alloc/total, 235.7 CGO/sec, 0.6/0.3 %(u/s)time, 0.0 %gc (0x), 11 KiB/7.1 KiB (r/w)net
I190514 14:18:13.115751 235 gossip/gossip.go:557  [n1] gossip status (ok, 1 node)
gossip client (0/3 cur/max conns)
gossip server (0/3 cur/max conns, infos 0/0 sent/received, bytes 0B/0B sent/received)
I190514 14:18:14.868164 239 server/status/runtime.go:500  [n1] runtime stats: 177 MiB RSS, 165 goroutines, 92 MiB/55 MiB/165 MiB GO alloc/idle/total, 37 MiB/46 MiB CGO alloc/total, 273.3 CGO/sec, 1.5/1.4 %(u/s)time, 0.0 %gc (0x), 12 KiB/7.4 KiB (r/w)net
I190514 14:18:25.171547 239 server/status/runtime.go:500  [n1] runtime stats: 177 MiB RSS, 165 goroutines, 99 MiB/49 MiB/165 MiB GO alloc/idle/total, 37 MiB/46 MiB CGO alloc/total, 228.1 CGO/sec, 1.1/0.6 %(u/s)time, 0.0 %gc (0x), 10 KiB/5.5 KiB (r/w)net
I190514 14:18:35.456192 239 server/status/runtime.go:500  [n1] runtime stats: 177 MiB RSS, 165 goroutines, 105 MiB/43 MiB/165 MiB GO alloc/idle/total, 37 MiB/46 MiB CGO alloc/total, 260.0 CGO/sec, 0.6/0.3 %(u/s)time, 0.0 %gc (0x), 16 KiB/17 KiB (r/w)net
I190514 14:18:45.748232 239 server/status/runtime.go:500  [n1] runtime stats: 177 MiB RSS, 166 goroutines, 112 MiB/37 MiB/165 MiB GO alloc/idle/total, 37 MiB/46 MiB CGO alloc/total, 253.9 CGO/sec, 0.6/0.8 %(u/s)time, 0.0 %gc (0x), 35 KiB/40 KiB (r/w)net
I190514 14:18:50.844641 1261 sql/lease.go:1790  refreshing table: 81 lease failed: table is being dropped
I190514 14:18:50.844643 1262 sql/lease.go:1790  refreshing table: 83 lease failed: table is being dropped
I190514 14:18:50.844659 1260 sql/lease.go:1790  refreshing table: 71 lease failed: table is being dropped
I190514 14:18:56.065152 239 server/status/runtime.go:500  [n1] runtime stats: 178 MiB RSS, 166 goroutines, 118 MiB/31 MiB/165 MiB GO alloc/idle/total, 37 MiB/46 MiB CGO alloc/total, 251.1 CGO/sec, 0.5/0.3 %(u/s)time, 0.0 %gc (0x), 34 KiB/476 KiB (r/w)net
I190514 14:19:01.818459 1 cli/start.go:765  received signal 'interrupt'
I190514 14:19:01.843060 1 cli/start.go:830  initiating graceful shutdown of server
E190514 14:19:01.994252 1 cli/start.go:866  received signal 'interrupt' during shutdown, initiating hard shutdown - node may take longer to restart & clients may need to wait for leases to expire
