I190513 16:44:24.108534 1 util/log/clog.go:1199  [config] file created at: 2019/05/13 16:44:24
I190513 16:44:24.108534 1 util/log/clog.go:1199  [config] running on machine: CLO-JSANDOVALV
I190513 16:44:24.108534 1 util/log/clog.go:1199  [config] binary: CockroachDB CCL v19.1.0 (x86_64-w64-mingw32, built 2019/04/29 18:46:21, go1.11.6)
I190513 16:44:24.108534 1 util/log/clog.go:1199  [config] arguments: [cockroach start --certs-dir=certs --listen-addr=localhost]
I190513 16:44:24.108534 1 util/log/clog.go:1199  line format: [IWEF]yymmdd hh:mm:ss.uuuuuu goid file:line msg utf8=✓
I190513 16:44:24.108532 1 cli/start.go:1033  logging to directory C:\Users\jsandovalv\go\src\backend\cockroach-data\logs
W190513 16:44:24.144004 1 cli/start.go:944  Using the default setting for --cache (128 MiB).
  A significantly larger value is usually needed for good performance.
  If you have a dedicated server a reasonable setting is --cache=.25 (2.0 GiB).
W190513 16:44:24.144048 1 cli/start.go:957  Using the default setting for --max-sql-memory (128 MiB).
  A significantly larger value is usually needed in production.
  If you have a dedicated server a reasonable setting is --max-sql-memory=.25 (2.0 GiB).
I190513 16:44:24.144062 1 cli/start.go:1082  CockroachDB CCL v19.1.0 (x86_64-w64-mingw32, built 2019/04/29 18:46:21, go1.11.6)
I190513 16:44:24.249654 1 server/config.go:386  system total memory: 7.9 GiB
I190513 16:44:24.249691 1 server/config.go:388  server configuration:
max offset             500000000
cache size             128 MiB
SQL memory pool size   128 MiB
scan interval          10m0s
scan min idle time     10ms
scan max idle time     1s
event log enabled      true
I190513 16:44:24.249725 1 cli/start.go:929  process identity: uid S-1-5-21-3587429272-3227690676-254406505-19748, gid S-1-5-21-3587429272-3227690676-254406505-513
I190513 16:44:24.249740 1 cli/start.go:554  starting cockroach node
I190513 16:44:24.255798 39 storage/engine/rocksdb.go:613  opening rocksdb instance at "C:\\Users\\jsandovalv\\go\\src\\backend\\cockroach-data\\cockroach-temp232345139"
I190513 16:44:24.754374 39 server/server.go:876  [n?] monitoring forward clock jumps based on server.clock.forward_jump_check_enabled
I190513 16:44:24.755556 39 base/addr_validation.go:279  [n?] server certificate addresses: IP=; DNS=localhost,jorge-PE60-7RD; CN=node
W190513 16:44:24.759521 39 base/addr_validation.go:293  [n?] listen address "127.0.0.1" not in node certificate (IP=; DNS=localhost,jorge-PE60-7RD; CN=node)
Secure node-node and SQL connections are likely to fail.
Consider extending the node certificate or tweak --listen-addr/--advertise-addr.
I190513 16:44:24.759566 39 base/addr_validation.go:319  [n?] web UI certificate addresses: IP=; DNS=localhost,jorge-PE60-7RD; CN=node
I190513 16:44:24.761560 39 storage/engine/rocksdb.go:613  opening rocksdb instance at "C:\\Users\\jsandovalv\\go\\src\\backend\\cockroach-data"
I190513 16:44:25.728407 39 server/config.go:494  [n?] 1 storage engine initialized
I190513 16:44:25.728421 39 server/config.go:497  [n?] RocksDB cache size: 128 MiB
I190513 16:44:25.728429 39 server/config.go:497  [n?] store 0: RocksDB, max size 0 B, max open file limit 10000
I190513 16:44:25.780217 39 gossip/gossip.go:392  [n1] NodeDescriptor set to node_id:1 address:<network_field:"tcp" address_field:"localhost:26257" > attrs:<> locality:<> ServerVersion:<major_val:19 minor_val:1 patch:0 unstable:0 > build_tag:"v19.1.0" started_at:1557765865780012200 
W190513 16:44:25.816736 219 storage/replica_range_lease.go:506  can't determine lease status due to node liveness error: node not in the liveness table
W190513 16:44:25.816878 219 storage/store.go:1525  [n1,s1,r6/1:/Table/{SystemCon…-11}] could not gossip system config: [NotLeaseHolderError] r6: replica (n1,s1):1 not lease holder; lease holder unknown
I190513 16:44:25.824949 39 server/node.go:461  [n1] initialized store [n1,s1]: disk (capacity=915 GiB, available=629 GiB, used=10 MiB, logicalBytes=68 MiB), ranges=29, leases=0, queries=0.00, writes=0.00, bytesPerReplica={p10=0.00 p25=0.00 p50=2330.00 p75=20407.00 p90=54628.00 pMax=60842883.00}, writesPerReplica={p10=0.00 p25=0.00 p50=0.00 p75=0.00 p90=0.00 pMax=0.00}
I190513 16:44:25.825107 39 storage/stores.go:244  [n1] read 0 node addresses from persistent storage
I190513 16:44:25.863381 39 server/node.go:699  [n1] connecting to gossip network to verify cluster ID...
I190513 16:44:25.863414 39 server/node.go:719  [n1] node connected via gossip and verified as part of cluster "0582a066-33ef-4110-b793-7aa77ffea637"
I190513 16:44:25.863548 39 server/node.go:542  [n1] node=1: started with [<no-attributes>=C:\Users\jsandovalv\go\src\backend\cockroach-data] engine(s) and attributes []
I190513 16:44:25.864186 39 server/server.go:1582  [n1] starting https server at 127.0.0.1:8080 (use: localhost:8080)
I190513 16:44:25.864213 39 server/server.go:1584  [n1] starting grpc/postgres server at 127.0.0.1:26257
I190513 16:44:25.864245 39 server/server.go:1585  [n1] advertising CockroachDB node at localhost:26257
W190513 16:44:25.864305 39 jobs/registry.go:341  [n1] unable to get node liveness: node not in the liveness table
I190513 16:44:25.886522 251 storage/node_liveness.go:453  [n1,hb] heartbeat failed on epoch increment; retrying
I190513 16:44:26.072115 39 server/server.go:1650  [n1] done ensuring all necessary migrations have run
I190513 16:44:26.072136 39 server/server.go:1653  [n1] serving sql connections
I190513 16:44:26.072339 39 cli/start.go:689  [config] clusterID: 0582a066-33ef-4110-b793-7aa77ffea637
I190513 16:44:26.072365 39 cli/start.go:697  node startup completed:
CockroachDB node starting at 2019-05-13 16:44:26.0722549 +0000 UTC (took 2.0s)
build:               CCL v19.1.0 @ 2019/04/29 18:46:21 (go1.11.6)
webui:               https://localhost:8080
sql:                 postgresql://root@localhost:26257?sslcert=certs%5Cclient.root.crt&sslkey=certs%5Cclient.root.key&sslmode=verify-full&sslrootcert=certs%5Cca.crt
client flags:        cockroach <client cmd> --host=localhost:26257 --certs-dir=certs
logs:                C:\Users\jsandovalv\go\src\backend\cockroach-data\logs
temp dir:            C:\Users\jsandovalv\go\src\backend\cockroach-data\cockroach-temp232345139
external I/O path:   C:\Users\jsandovalv\go\src\backend\cockroach-data\extern
store[0]:            path=C:\Users\jsandovalv\go\src\backend\cockroach-data
status:              restarted pre-existing node
clusterID:           0582a066-33ef-4110-b793-7aa77ffea637
nodeID:              1
I190513 16:44:26.170437 261 server/server_update.go:67  [n1] no need to upgrade, cluster already at the newest version
I190513 16:44:26.346641 231 sql/lease.go:1857  released orphaned table lease: {id:71 version:1 expiration:{Time:{wall:446797000 ext:63693362543 loc:<nil>}}}
I190513 16:44:26.396540 264 sql/event_log.go:135  [n1] Event: "node_restart", target: 1, info: {Descriptor:{NodeID:1 Address:localhost:26257 Attrs: Locality: ServerVersion:19.1 BuildTag:v19.1.0 StartedAt:1557765865780012200 LocalityAddress:[] XXX_NoUnkeyedLiteral:{} XXX_sizecache:0} ClusterID:0582a066-33ef-4110-b793-7aa77ffea637 StartedAt:1557765865780012200 LastUp:1557765453408163500}
W190513 16:44:27.047418 247 sql/schema_changer.go:796  [n1,scExec] ID 64 is not a table
I190513 16:44:27.692171 134 gossip/gossip.go:1510  [n1] node has connected to cluster via gossip
I190513 16:44:27.692463 134 storage/stores.go:263  [n1] wrote 0 node addresses to persistent storage
I190513 16:44:28.135222 306 storage/replica_command.go:386  [n1,merge,s1,r20/1:/Table/{24-64}] initiating a merge of r41:/Table/6{4-5} [(n1,s1):1, next=2, gen=1] into this range (lhs+rhs has (size=0 B+0 B qps=0.00+1.95 --> 1.95qps) below threshold (size=0 B, qps=1.95))
E190513 16:44:29.054892 162 util/log/crash_reporting.go:546  [n1,s1,r20/1:/Table/{24-64}] Reported as error cb2d9184d460498f8e611b5ea9515048
F190513 16:44:29.054902 162 storage/replica_proposal.go:679  [n1,s1,r20/1:/Table/{24-64}] failed to update store after merging range: IO error: Failed to remove dir: C:\Users\jsandovalv\go\src\backend\cockroach-data\auxiliary\sideloading\r0XXXX\r41: El sistema no puede encontrar la ruta especificada.
goroutine 162 [running]:
github.com/cockroachdb/cockroach/pkg/util/log.getStacks(0xc000484200, 0xc0004842a0, 0x54cd400, 0x1b)
	/go/src/github.com/cockroachdb/cockroach/pkg/util/log/clog.go:1020 +0xdb
github.com/cockroachdb/cockroach/pkg/util/log.(*loggingT).outputLogEntry(0x5736ea0, 0xc000000004, 0x54cd41d, 0x1b, 0x2a7, 0xc000a0eb00, 0xf2)
	/go/src/github.com/cockroachdb/cockroach/pkg/util/log/clog.go:876 +0x961
github.com/cockroachdb/cockroach/pkg/util/log.addStructured(0x3c2cb20, 0xc00544dc80, 0x4, 0x2, 0x35269d9, 0x2e, 0xc0057503c8, 0x1, 0x1)
	/go/src/github.com/cockroachdb/cockroach/pkg/util/log/structured.go:85 +0x2df
github.com/cockroachdb/cockroach/pkg/util/log.logDepth(0x3c2cb20, 0xc00544dc80, 0x1, 0x4, 0x35269d9, 0x2e, 0xc0057503c8, 0x1, 0x1)
	/go/src/github.com/cockroachdb/cockroach/pkg/util/log/log.go:71 +0x93
github.com/cockroachdb/cockroach/pkg/util/log.Fatalf(0x3c2cb20, 0xc00544dc80, 0x35269d9, 0x2e, 0xc0057503c8, 0x1, 0x1)
	/go/src/github.com/cockroachdb/cockroach/pkg/util/log/log.go:182 +0x85
github.com/cockroachdb/cockroach/pkg/storage.(*Replica).handleReplicatedEvalResult(0xc0009cea00, 0x3c2cb20, 0xc00544dc80, 0x0, 0x0, 0x0, 0xc0056e8300, 0x0, 0x0, 0x0, ...)
	/go/src/github.com/cockroachdb/cockroach/pkg/storage/replica_proposal.go:679 +0x10ec
github.com/cockroachdb/cockroach/pkg/storage.(*Replica).handleEvalResultRaftMuLocked(0xc0009cea00, 0x3c2cb20, 0xc00544dc80, 0xc005112840, 0x1, 0x0, 0x0, 0xc0056e8300, 0x0, 0x0, ...)
	/go/src/github.com/cockroachdb/cockroach/pkg/storage/replica_proposal.go:842 +0xb1
github.com/cockroachdb/cockroach/pkg/storage.(*Replica).processRaftCommand(0xc0009cea00, 0x3c2cb20, 0xc00544dc80, 0xc0000478b8, 0x8, 0xa, 0x34, 0x100000001, 0x1, 0x5, ...)
	/go/src/github.com/cockroachdb/cockroach/pkg/storage/replica_raft.go:2006 +0x8f2
github.com/cockroachdb/cockroach/pkg/storage.(*Replica).handleRaftReadyRaftMuLocked(0xc0009cea00, 0x3c2cb20, 0xc00544dd70, 0x0, 0x0, 0x0, 0x0, 0x0, 0x0, 0x0, ...)
	/go/src/github.com/cockroachdb/cockroach/pkg/storage/replica_raft.go:816 +0x13e6
github.com/cockroachdb/cockroach/pkg/storage.(*Replica).handleRaftReady(0xc0009cea00, 0x3c2cb20, 0xc00544dd70, 0x0, 0x0, 0x0, 0x0, 0x0, 0x0, 0x0, ...)
	/go/src/github.com/cockroachdb/cockroach/pkg/storage/replica_raft.go:505 +0x13e
github.com/cockroachdb/cockroach/pkg/storage.(*Store).processReady(0xc000c2b200, 0x3c2cb20, 0xc00544dd70, 0x14)
	/go/src/github.com/cockroachdb/cockroach/pkg/storage/store.go:3697 +0x12f
github.com/cockroachdb/cockroach/pkg/storage.(*raftScheduler).worker(0xc000264f80, 0x3c2cb20, 0xc000742000)
	/go/src/github.com/cockroachdb/cockroach/pkg/storage/scheduler.go:214 +0x25f
github.com/cockroachdb/cockroach/pkg/storage.(*raftScheduler).Start.func2(0x3c2cb20, 0xc000742000)
	/go/src/github.com/cockroachdb/cockroach/pkg/storage/scheduler.go:165 +0x45
github.com/cockroachdb/cockroach/pkg/util/stop.(*Stopper).RunWorker.func1(0xc0002735e0, 0xc000772750, 0xc0002735c0)
	/go/src/github.com/cockroachdb/cockroach/pkg/util/stop/stopper.go:200 +0xe8
created by github.com/cockroachdb/cockroach/pkg/util/stop.(*Stopper).RunWorker
	/go/src/github.com/cockroachdb/cockroach/pkg/util/stop/stopper.go:193 +0xaf


****************************************************************************

This node experienced a fatal error (printed above), and as a result the
process is terminating.

Fatal errors can occur due to faulty hardware (disks, memory, clocks) or a
problem in CockroachDB. With your help, the support team at Cockroach Labs
will try to determine the root cause, recommend next steps, and we can
improve CockroachDB based on your report.

Please submit a crash report by following the instructions here:

    https://github.com/cockroachdb/cockroach/issues/new/choose

If you would rather not post publicly, please contact us directly at:

    support@cockroachlabs.com

The Cockroach Labs team appreciates your feedback.
